<?xml version="1.0" encoding="UTF-8"?>
<!-- Generated by org.testng.reporters.JUnitReportReporter -->
<testsuite hostname="DESKTOP-7QG7PPJ" failures="0" tests="1" name="testngHelloWorld.TestHelloWorld" time="0.011" errors="0" timestamp="2024-07-26T14:47:08 IST" skipped="0">
  <testcase classname="testngHelloWorld.TestHelloWorld" name="testHelloWorld" time="0.011"/>
</testsuite> <!-- testngHelloWorld.TestHelloWorld -->
